<?xml version="1.0" encoding="UTF-8"?>
<testsuite name="core.spring_basic_p1.SpringBasicP1ApplicationTests" tests="1" skipped="0" failures="0" errors="0" timestamp="2024-07-14T14:43:36" hostname="cheondain-ui-MacBookAir.local" time="0.366">
  <properties/>
  <testcase name="contextLoads()" classname="core.spring_basic_p1.SpringBasicP1ApplicationTests" time="0.366"/>
  <system-out><![CDATA[23:43:36.312 [Test worker] INFO org.springframework.test.context.support.AnnotationConfigContextLoaderUtils -- Could not detect default configuration classes for test class [core.spring_basic_p1.SpringBasicP1ApplicationTests]: SpringBasicP1ApplicationTests does not declare any static, non-private, non-final, nested classes annotated with @Configuration.
23:43:36.349 [Test worker] INFO org.springframework.boot.test.context.SpringBootTestContextBootstrapper -- Found @SpringBootConfiguration core.spring_basic_p1.SpringBasicP1Application for test class core.spring_basic_p1.SpringBasicP1ApplicationTests

  .   ____          _            __ _ _
 /\\ / ___'_ __ _ _(_)_ __  __ _ \ \ \ \
( ( )\___ | '_ | '_| | '_ \/ _` | \ \ \ \
 \\/  ___)| |_)| | | | | || (_| |  ) ) ) )
  '  |____| .__|_| |_|_| |_\__, | / / / /
 =========|_|==============|___/=/_/_/_/

 :: Spring Boot ::                (v3.3.1)

2024-07-14T23:43:36.482+09:00  INFO 6984 --- [spring-basic-p1] [    Test worker] c.s.SpringBasicP1ApplicationTests        : Starting SpringBasicP1ApplicationTests using Java 17.0.10 with PID 6984 (started by dani in /Users/dani/Desktop/dani/practice-spring/spring-basic-p1)
2024-07-14T23:43:36.482+09:00  INFO 6984 --- [spring-basic-p1] [    Test worker] c.s.SpringBasicP1ApplicationTests        : No active profile set, falling back to 1 default profile: "default"
2024-07-14T23:43:36.652+09:00  INFO 6984 --- [spring-basic-p1] [    Test worker] c.s.SpringBasicP1ApplicationTests        : Started SpringBasicP1ApplicationTests in 0.251 seconds (process running for 0.652)
]]></system-out>
  <system-err><![CDATA[]]></system-err>
</testsuite>
