<?xml version="1.0" encoding="UTF-8"?>
<testsuite name="core.spring_basic_p1.member.MemberServiceTest" tests="1" skipped="0" failures="0" errors="0" timestamp="2024-07-13T15:01:10" hostname="cheondain-ui-MacBookAir.local" time="0.02">
  <properties/>
  <testcase name="join()" classname="core.spring_basic_p1.member.MemberServiceTest" time="0.02"/>
  <system-out><![CDATA[]]></system-out>
  <system-err><![CDATA[]]></system-err>
</testsuite>
